Arguments: 
  /usr/local/bin/node /usr/local/Cellar/yarn/1.22.10/libexec/bin/yarn.js

PATH: 
  /usr/local/bin:/usr/bin:/bin:/usr/sbin:/sbin:/Users/nictrent/.composer/vendor/bin

Yarn version: 
  1.22.10

Node version: 
  10.13.0

Platform: 
  darwin x64

Trace: 
  SyntaxError: /Users/nictrent/Sites/nic-port2/package.json: Unexpected token } in JSON at position 204
      at JSON.parse (<anonymous>)
      at /usr/local/Cellar/yarn/1.22.10/libexec/lib/cli.js:1625:59
      at Generator.next (<anonymous>)
      at step (/usr/local/Cellar/yarn/1.22.10/libexec/lib/cli.js:310:30)
      at /usr/local/Cellar/yarn/1.22.10/libexec/lib/cli.js:321:13

npm manifest: 
  {
    "browser": "index.html",
    "dependencies": {
      "axios": "^0.21.0",
      "browser-sync": "^2.26.12",
      "browser-sync-webpack-plugin": "^2.2.2",
      "laravel-mix": "^4.0.0",
      "sass": "^1.16.0",
    },
    "scripts": {
      "dev": "npm run development",
      "development": "NODE_ENV=development node_modules/webpack/bin/webpack.js --progress --config=node_modules/laravel-mix/setup/webpack.config.js",
      "start": "npm run development -- --watch",
      "hot": "NODE_ENV=development node_modules/webpack-dev-server/bin/webpack-dev-server.js --inline --hot --config=node_modules/laravel-mix/setup/webpack.config.js",
      "prod": "npm run production",
      "build": "NODE_ENV=production node_modules/webpack/bin/webpack.js --no-progress --hide-modules --config=node_modules/laravel-mix/setup/webpack.config.js"
    },
    "devDependencies": {
      "vue-template-compiler": "^2.6.12"
    }
  }

yarn manifest: 
  No manifest

Lockfile: 
  No lockfile
